# JRE version: OpenJDK Runtime Environment Microsoft-8035246 (17.0.8+7) (build 17.0.8+7-LTS)
# Java VM: OpenJDK 64-Bit Server VM Microsoft-8035246 (17.0.8+7-LTS, mixed mode, sharing, tiered, compressed oops, compressed class ptrs, g1 gc, windows-amd64)
GC Precious Log:
 CPUs: 4 total, 4 available
 Memory: 16336M
 Large Page Support: Disabled
 NUMA Support: Disabled
 Compressed Oops: Enabled (32-bit)
 Heap Region Size: 1M
 Heap Min Capacity: 8M
 Heap Initial Capacity: 256M
 Heap Max Capacity: 2G
 Pre-touch: Disabled
 Parallel Workers: 4
 Concurrent Workers: 1
 Concurrent Refinement Workers: 4
 Periodic GC: Disabled
Heap:
 garbage-first heap   total 180224K, used 118736K [0x0000000080000000, 0x0000000100000000)
  region size 1024K, 32 young (32768K), 5 survivors (5120K)
 Metaspace       used 77866K, committed 78784K, reserved 557056K
  class space    used 10878K, committed 11328K, reserved 425984K
GC Heap History (20 events):
Event: 7.997 GC heap before
{Heap before GC invocations=15 (full 0):
 garbage-first heap   total 89088K, used 72041K [0x0000000080000000, 0x0000000100000000)
  region size 1024K, 37 young (37888K), 5 survivors (5120K)
 Metaspace       used 51807K, committed 52288K, reserved 491520K
  class space    used 7154K, committed 7360K, reserved 425984K
}
Event: 8.002 GC heap after
{Heap after GC invocations=16 (full 0):
 garbage-first heap   total 89088K, used 40679K [0x0000000080000000, 0x0000000100000000)
  region size 1024K, 3 young (3072K), 3 survivors (3072K)
 Metaspace       used 51807K, committed 52288K, reserved 491520K
  class space    used 7154K, committed 7360K, reserved 425984K
}
Event: 8.420 GC heap before
{Heap before GC invocations=16 (full 0):
 garbage-first heap   total 89088K, used 70375K [0x0000000080000000, 0x0000000100000000)
  region size 1024K, 32 young (32768K), 3 survivors (3072K)
 Metaspace       used 55427K, committed 56000K, reserved 491520K
  class space    used 7665K, committed 7936K, reserved 425984K
}
Event: 8.424 GC heap after
{Heap after GC invocations=17 (full 0):
 garbage-first heap   total 180224K, used 42628K [0x0000000080000000, 0x0000000100000000)
  region size 1024K, 2 young (2048K), 2 survivors (2048K)
 Metaspace       used 55427K, committed 56000K, reserved 491520K
  class space    used 7665K, committed 7936K, reserved 425984K
}
Event: 10.540 GC heap before
{Heap before GC invocations=17 (full 0):
 garbage-first heap   total 180224K, used 145028K [0x0000000080000000, 0x0000000100000000)
  region size 1024K, 99 young (101376K), 2 survivors (2048K)
 Metaspace       used 61996K, committed 62656K, reserved 491520K
  class space    used 8691K, committed 9024K, reserved 425984K
}
Event: 10.552 GC heap after
{Heap after GC invocations=18 (full 0):
 garbage-first heap   total 180224K, used 54386K [0x0000000080000000, 0x0000000100000000)
  region size 1024K, 10 young (10240K), 10 survivors (10240K)
 Metaspace       used 61996K, committed 62656K, reserved 491520K
  class space    used 8691K, committed 9024K, reserved 425984K
}
Event: 11.676 GC heap before
{Heap before GC invocations=18 (full 0):
 garbage-first heap   total 180224K, used 150642K [0x0000000080000000, 0x0000000100000000)
  region size 1024K, 96 young (98304K), 10 survivors (10240K)
 Metaspace       used 68550K, committed 69184K, reserved 491520K
  class space    used 9582K, committed 9920K, reserved 425984K
}
Event: 11.689 GC heap after
{Heap after GC invocations=19 (full 0):
 garbage-first heap   total 180224K, used 68247K [0x0000000080000000, 0x0000000100000000)
  region size 1024K, 6 young (6144K), 6 survivors (6144K)
 Metaspace       used 68550K, committed 69184K, reserved 491520K
  class space    used 9582K, committed 9920K, reserved 425984K
}
Event: 11.727 GC heap before
{Heap before GC invocations=19 (full 0):
 garbage-first heap   total 180224K, used 71319K [0x0000000080000000, 0x0000000100000000)
  region size 1024K, 10 young (10240K), 6 survivors (6144K)
 Metaspace       used 68723K, committed 69376K, reserved 491520K
  class space    used 9603K, committed 9920K, reserved 425984K
}
Event: 11.732 GC heap after
{Heap after GC invocations=20 (full 0):
 garbage-first heap   total 180224K, used 68007K [0x0000000080000000, 0x0000000100000000)
  region size 1024K, 6 young (6144K), 6 survivors (6144K)
 Metaspace       used 68723K, committed 69376K, reserved 491520K
  class space    used 9603K, committed 9920K, reserved 425984K
}
Event: 13.028 GC heap before
{Heap before GC invocations=21 (full 0):
 garbage-first heap   total 180224K, used 146855K [0x0000000080000000, 0x0000000100000000)
  region size 1024K, 83 young (84992K), 6 survivors (6144K)
 Metaspace       used 72259K, committed 73024K, reserved 491520K
  class space    used 10102K, committed 10496K, reserved 425984K
}
Event: 13.038 GC heap after
{Heap after GC invocations=22 (full 0):
 garbage-first heap   total 180224K, used 73815K [0x0000000080000000, 0x0000000100000000)
  region size 1024K, 11 young (11264K), 11 survivors (11264K)
 Metaspace       used 72259K, committed 73024K, reserved 491520K
  class space    used 10102K, committed 10496K, reserved 425984K
}
Event: 14.508 GC heap before
{Heap before GC invocations=22 (full 0):
 garbage-first heap   total 180224K, used 147543K [0x0000000080000000, 0x0000000100000000)
  region size 1024K, 82 young (83968K), 11 survivors (11264K)
 Metaspace       used 76213K, committed 76992K, reserved 557056K
  class space    used 10716K, committed 11072K, reserved 425984K
}
Event: 14.523 GC heap after
{Heap after GC invocations=23 (full 0):
 garbage-first heap   total 180224K, used 81798K [0x0000000080000000, 0x0000000100000000)
  region size 1024K, 10 young (10240K), 10 survivors (10240K)
 Metaspace       used 76213K, committed 76992K, reserved 557056K
  class space    used 10716K, committed 11072K, reserved 425984K
}
Event: 15.583 GC heap before
{Heap before GC invocations=23 (full 0):
 garbage-first heap   total 180224K, used 143238K [0x0000000080000000, 0x0000000100000000)
  region size 1024K, 71 young (72704K), 10 survivors (10240K)
 Metaspace       used 77778K, committed 78656K, reserved 557056K
  class space    used 10871K, committed 11264K, reserved 425984K
}
Event: 15.595 GC heap after
{Heap after GC invocations=24 (full 0):
 garbage-first heap   total 180224K, used 87912K [0x0000000080000000, 0x0000000100000000)
  region size 1024K, 9 young (9216K), 9 survivors (9216K)
 Metaspace       used 77778K, committed 78656K, reserved 557056K
  class space    used 10871K, committed 11264K, reserved 425984K
}
Event: 16.001 GC heap before
{Heap before GC invocations=24 (full 0):
 garbage-first heap   total 180224K, used 142184K [0x0000000080000000, 0x0000000100000000)
  region size 1024K, 63 young (64512K), 9 survivors (9216K)
 Metaspace       used 77815K, committed 78656K, reserved 557056K
  class space    used 10871K, committed 11264K, reserved 425984K
}
Event: 16.010 GC heap after
{Heap after GC invocations=25 (full 0):
 garbage-first heap   total 180224K, used 89395K [0x0000000080000000, 0x0000000100000000)
  region size 1024K, 4 young (4096K), 4 survivors (4096K)
 Metaspace       used 77815K, committed 78656K, reserved 557056K
  class space    used 10871K, committed 11264K, reserved 425984K
}
Event: 16.444 GC heap before
{Heap before GC invocations=25 (full 0):
 garbage-first heap   total 180224K, used 143667K [0x0000000080000000, 0x0000000100000000)
  region size 1024K, 58 young (59392K), 4 survivors (4096K)
 Metaspace       used 77820K, committed 78656K, reserved 557056K
  class space    used 10872K, committed 11264K, reserved 425984K
}
Event: 16.450 GC heap after
{Heap after GC invocations=26 (full 0):
 garbage-first heap   total 180224K, used 90064K [0x0000000080000000, 0x0000000100000000)
  region size 1024K, 5 young (5120K), 5 survivors (5120K)
 Metaspace       used 77820K, committed 78656K, reserved 557056K
  class space    used 10872K, committed 11264K, reserved 425984K
}

