# JRE version: OpenJDK Runtime Environment Microsoft-8035246 (17.0.8+7) (build 17.0.8+7-LTS)
# Java VM: OpenJDK 64-Bit Server VM Microsoft-8035246 (17.0.8+7-LTS, mixed mode, sharing, tiered, compressed oops, compressed class ptrs, g1 gc, windows-amd64)
GC Precious Log:
 CPUs: 4 total, 4 available
 Memory: 16336M
 Large Page Support: Disabled
 NUMA Support: Disabled
 Compressed Oops: Enabled (32-bit)
 Heap Region Size: 1M
 Heap Min Capacity: 8M
 Heap Initial Capacity: 256M
 Heap Max Capacity: 2G
 Pre-touch: Disabled
 Parallel Workers: 4
 Concurrent Workers: 1
 Concurrent Refinement Workers: 4
 Periodic GC: Disabled
Heap:
 garbage-first heap   total 228352K, used 172744K [0x0000000080000000, 0x0000000100000000)
  region size 1024K, 45 young (46080K), 4 survivors (4096K)
 Metaspace       used 100355K, committed 101440K, reserved 557056K
  class space    used 14010K, committed 14528K, reserved 425984K
GC Heap History (20 events):
Event: 16.500 GC heap before
{Heap before GC invocations=27 (full 0):
 garbage-first heap   total 174080K, used 91254K [0x0000000080000000, 0x0000000100000000)
  region size 1024K, 8 young (8192K), 5 survivors (5120K)
 Metaspace       used 77901K, committed 78720K, reserved 557056K
  class space    used 10875K, committed 11264K, reserved 425984K
}
Event: 16.504 GC heap after
{Heap after GC invocations=28 (full 0):
 garbage-first heap   total 174080K, used 88033K [0x0000000080000000, 0x0000000100000000)
  region size 1024K, 1 young (1024K), 1 survivors (1024K)
 Metaspace       used 77901K, committed 78720K, reserved 557056K
  class space    used 10875K, committed 11264K, reserved 425984K
}
Event: 17.476 GC heap before
{Heap before GC invocations=28 (full 0):
 garbage-first heap   total 174080K, used 148449K [0x0000000080000000, 0x0000000100000000)
  region size 1024K, 54 young (55296K), 1 survivors (1024K)
 Metaspace       used 81167K, committed 82048K, reserved 557056K
  class space    used 11240K, committed 11648K, reserved 425984K
}
Event: 17.480 GC heap after
{Heap after GC invocations=29 (full 0):
 garbage-first heap   total 228352K, used 101064K [0x0000000080000000, 0x0000000100000000)
  region size 1024K, 7 young (7168K), 7 survivors (7168K)
 Metaspace       used 81167K, committed 82048K, reserved 557056K
  class space    used 11240K, committed 11648K, reserved 425984K
}
Event: 18.263 GC heap before
{Heap before GC invocations=30 (full 0):
 garbage-first heap   total 228352K, used 181960K [0x0000000080000000, 0x0000000100000000)
  region size 1024K, 81 young (82944K), 7 survivors (7168K)
 Metaspace       used 85463K, committed 86400K, reserved 557056K
  class space    used 11809K, committed 12288K, reserved 425984K
}
Event: 18.271 GC heap after
{Heap after GC invocations=31 (full 0):
 garbage-first heap   total 228352K, used 108229K [0x0000000080000000, 0x0000000100000000)
  region size 1024K, 6 young (6144K), 6 survivors (6144K)
 Metaspace       used 85463K, committed 86400K, reserved 557056K
  class space    used 11809K, committed 12288K, reserved 425984K
}
Event: 18.312 GC heap before
{Heap before GC invocations=31 (full 0):
 garbage-first heap   total 228352K, used 113349K [0x0000000080000000, 0x0000000100000000)
  region size 1024K, 11 young (11264K), 6 survivors (6144K)
 Metaspace       used 85750K, committed 86656K, reserved 557056K
  class space    used 11847K, committed 12288K, reserved 425984K
}
Event: 18.317 GC heap after
{Heap after GC invocations=32 (full 0):
 garbage-first heap   total 228352K, used 108387K [0x0000000080000000, 0x0000000100000000)
  region size 1024K, 1 young (1024K), 1 survivors (1024K)
 Metaspace       used 85750K, committed 86656K, reserved 557056K
  class space    used 11847K, committed 12288K, reserved 425984K
}
Event: 19.075 GC heap before
{Heap before GC invocations=32 (full 0):
 garbage-first heap   total 228352K, used 183139K [0x0000000080000000, 0x0000000100000000)
  region size 1024K, 72 young (73728K), 1 survivors (1024K)
 Metaspace       used 90211K, committed 91200K, reserved 557056K
  class space    used 12480K, committed 12928K, reserved 425984K
}
Event: 19.080 GC heap after
{Heap after GC invocations=33 (full 0):
 garbage-first heap   total 228352K, used 113428K [0x0000000080000000, 0x0000000100000000)
  region size 1024K, 4 young (4096K), 4 survivors (4096K)
 Metaspace       used 90211K, committed 91200K, reserved 557056K
  class space    used 12480K, committed 12928K, reserved 425984K
}
Event: 19.666 GC heap before
{Heap before GC invocations=33 (full 0):
 garbage-first heap   total 228352K, used 184084K [0x0000000080000000, 0x0000000100000000)
  region size 1024K, 73 young (74752K), 4 survivors (4096K)
 Metaspace       used 91907K, committed 92928K, reserved 557056K
  class space    used 12701K, committed 13184K, reserved 425984K
}
Event: 19.674 GC heap after
{Heap after GC invocations=34 (full 0):
 garbage-first heap   total 228352K, used 117410K [0x0000000080000000, 0x0000000100000000)
  region size 1024K, 8 young (8192K), 8 survivors (8192K)
 Metaspace       used 91907K, committed 92928K, reserved 557056K
  class space    used 12701K, committed 13184K, reserved 425984K
}
Event: 20.376 GC heap before
{Heap before GC invocations=34 (full 0):
 garbage-first heap   total 228352K, used 187042K [0x0000000080000000, 0x0000000100000000)
  region size 1024K, 75 young (76800K), 8 survivors (8192K)
 Metaspace       used 96088K, committed 97088K, reserved 557056K
  class space    used 13462K, committed 13952K, reserved 425984K
}
Event: 20.384 GC heap after
{Heap after GC invocations=35 (full 0):
 garbage-first heap   total 228352K, used 120051K [0x0000000080000000, 0x0000000100000000)
  region size 1024K, 7 young (7168K), 7 survivors (7168K)
 Metaspace       used 96088K, committed 97088K, reserved 557056K
  class space    used 13462K, committed 13952K, reserved 425984K
}
Event: 21.095 GC heap before
{Heap before GC invocations=35 (full 0):
 garbage-first heap   total 228352K, used 188659K [0x0000000080000000, 0x0000000100000000)
  region size 1024K, 74 young (75776K), 7 survivors (7168K)
 Metaspace       used 99232K, committed 100288K, reserved 557056K
  class space    used 13900K, committed 14400K, reserved 425984K
}
Event: 21.106 GC heap after
{Heap after GC invocations=36 (full 0):
 garbage-first heap   total 228352K, used 124859K [0x0000000080000000, 0x0000000100000000)
  region size 1024K, 8 young (8192K), 8 survivors (8192K)
 Metaspace       used 99232K, committed 100288K, reserved 557056K
  class space    used 13900K, committed 14400K, reserved 425984K
}
Event: 21.906 GC heap before
{Heap before GC invocations=36 (full 0):
 garbage-first heap   total 228352K, used 187323K [0x0000000080000000, 0x0000000100000000)
  region size 1024K, 70 young (71680K), 8 survivors (8192K)
 Metaspace       used 100353K, committed 101440K, reserved 557056K
  class space    used 14009K, committed 14528K, reserved 425984K
}
Event: 21.917 GC heap after
{Heap after GC invocations=37 (full 0):
 garbage-first heap   total 228352K, used 130576K [0x0000000080000000, 0x0000000100000000)
  region size 1024K, 6 young (6144K), 6 survivors (6144K)
 Metaspace       used 100353K, committed 101440K, reserved 557056K
  class space    used 14009K, committed 14528K, reserved 425984K
}
Event: 22.424 GC heap before
{Heap before GC invocations=37 (full 0):
 garbage-first heap   total 228352K, used 188944K [0x0000000080000000, 0x0000000100000000)
  region size 1024K, 64 young (65536K), 6 survivors (6144K)
 Metaspace       used 100355K, committed 101440K, reserved 557056K
  class space    used 14010K, committed 14528K, reserved 425984K
}
Event: 22.430 GC heap after
{Heap after GC invocations=38 (full 0):
 garbage-first heap   total 228352K, used 132808K [0x0000000080000000, 0x0000000100000000)
  region size 1024K, 4 young (4096K), 4 survivors (4096K)
 Metaspace       used 100355K, committed 101440K, reserved 557056K
  class space    used 14010K, committed 14528K, reserved 425984K
}

