# JRE version: OpenJDK Runtime Environment Microsoft-8035246 (17.0.8+7) (build 17.0.8+7-LTS)
# Java VM: OpenJDK 64-Bit Server VM Microsoft-8035246 (17.0.8+7-LTS, mixed mode, sharing, tiered, compressed oops, compressed class ptrs, g1 gc, windows-amd64)
GC Precious Log:
 CPUs: 4 total, 4 available
 Memory: 16336M
 Large Page Support: Disabled
 NUMA Support: Disabled
 Compressed Oops: Enabled (32-bit)
 Heap Region Size: 1M
 Heap Min Capacity: 8M
 Heap Initial Capacity: 256M
 Heap Max Capacity: 2G
 Pre-touch: Disabled
 Parallel Workers: 4
 Concurrent Workers: 1
 Concurrent Refinement Workers: 4
 Periodic GC: Disabled
Heap:
 garbage-first heap   total 243712K, used 176893K [0x0000000080000000, 0x0000000100000000)
  region size 1024K, 90 young (92160K), 7 survivors (7168K)
 Metaspace       used 71509K, committed 72448K, reserved 491520K
  class space    used 10108K, committed 10560K, reserved 425984K
GC Heap History (20 events):
Event: 28.184 GC heap before
{Heap before GC invocations=21 (full 0):
 garbage-first heap   total 103424K, used 83540K [0x0000000080000000, 0x0000000100000000)
  region size 1024K, 21 young (21504K), 1 survivors (1024K)
 Metaspace       used 59295K, committed 59904K, reserved 491520K
  class space    used 8420K, committed 8704K, reserved 425984K
}
Event: 28.186 GC heap after
{Heap after GC invocations=22 (full 0):
 garbage-first heap   total 103424K, used 64176K [0x0000000080000000, 0x0000000100000000)
  region size 1024K, 3 young (3072K), 3 survivors (3072K)
 Metaspace       used 59295K, committed 59904K, reserved 491520K
  class space    used 8420K, committed 8704K, reserved 425984K
}
Event: 28.409 GC heap before
{Heap before GC invocations=23 (full 0):
 garbage-first heap   total 121856K, used 83632K [0x0000000080000000, 0x0000000100000000)
  region size 1024K, 22 young (22528K), 3 survivors (3072K)
 Metaspace       used 60493K, committed 61184K, reserved 491520K
  class space    used 8595K, committed 8896K, reserved 425984K
}
Event: 28.412 GC heap after
{Heap after GC invocations=24 (full 0):
 garbage-first heap   total 121856K, used 65384K [0x0000000080000000, 0x0000000100000000)
  region size 1024K, 3 young (3072K), 3 survivors (3072K)
 Metaspace       used 60493K, committed 61184K, reserved 491520K
  class space    used 8595K, committed 8896K, reserved 425984K
}
Event: 28.434 GC heap before
{Heap before GC invocations=24 (full 0):
 garbage-first heap   total 121856K, used 66408K [0x0000000080000000, 0x0000000100000000)
  region size 1024K, 5 young (5120K), 3 survivors (3072K)
 Metaspace       used 60633K, committed 61312K, reserved 491520K
  class space    used 8614K, committed 8960K, reserved 425984K
}
Event: 28.437 GC heap after
{Heap after GC invocations=25 (full 0):
 garbage-first heap   total 121856K, used 65181K [0x0000000080000000, 0x0000000100000000)
  region size 1024K, 1 young (1024K), 1 survivors (1024K)
 Metaspace       used 60633K, committed 61312K, reserved 491520K
  class space    used 8614K, committed 8960K, reserved 425984K
}
Event: 28.831 GC heap before
{Heap before GC invocations=25 (full 0):
 garbage-first heap   total 121856K, used 99997K [0x0000000080000000, 0x0000000100000000)
  region size 1024K, 35 young (35840K), 1 survivors (1024K)
 Metaspace       used 62574K, committed 63232K, reserved 491520K
  class space    used 8872K, committed 9216K, reserved 425984K
}
Event: 28.833 GC heap after
{Heap after GC invocations=26 (full 0):
 garbage-first heap   total 121856K, used 66064K [0x0000000080000000, 0x0000000100000000)
  region size 1024K, 2 young (2048K), 2 survivors (2048K)
 Metaspace       used 62574K, committed 63232K, reserved 491520K
  class space    used 8872K, committed 9216K, reserved 425984K
}
Event: 29.506 GC heap before
{Heap before GC invocations=27 (full 0):
 garbage-first heap   total 121856K, used 100880K [0x0000000080000000, 0x0000000100000000)
  region size 1024K, 36 young (36864K), 2 survivors (2048K)
 Metaspace       used 63891K, committed 64640K, reserved 491520K
  class space    used 9048K, committed 9408K, reserved 425984K
}
Event: 29.511 GC heap after
{Heap after GC invocations=28 (full 0):
 garbage-first heap   total 121856K, used 70004K [0x0000000080000000, 0x0000000100000000)
  region size 1024K, 5 young (5120K), 5 survivors (5120K)
 Metaspace       used 63891K, committed 64640K, reserved 491520K
  class space    used 9048K, committed 9408K, reserved 425984K
}
Event: 29.539 GC heap before
{Heap before GC invocations=28 (full 0):
 garbage-first heap   total 121856K, used 71028K [0x0000000080000000, 0x0000000100000000)
  region size 1024K, 6 young (6144K), 5 survivors (5120K)
 Metaspace       used 63901K, committed 64640K, reserved 491520K
  class space    used 9048K, committed 9408K, reserved 425984K
}
Event: 29.544 GC heap after
{Heap after GC invocations=29 (full 0):
 garbage-first heap   total 121856K, used 70110K [0x0000000080000000, 0x0000000100000000)
  region size 1024K, 1 young (1024K), 1 survivors (1024K)
 Metaspace       used 63901K, committed 64640K, reserved 491520K
  class space    used 9048K, committed 9408K, reserved 425984K
}
Event: 29.998 GC heap before
{Heap before GC invocations=29 (full 0):
 garbage-first heap   total 121856K, used 99806K [0x0000000080000000, 0x0000000100000000)
  region size 1024K, 30 young (30720K), 1 survivors (1024K)
 Metaspace       used 65310K, committed 66048K, reserved 491520K
  class space    used 9261K, committed 9600K, reserved 425984K
}
Event: 30.003 GC heap after
{Heap after GC invocations=30 (full 0):
 garbage-first heap   total 243712K, used 72914K [0x0000000080000000, 0x0000000100000000)
  region size 1024K, 4 young (4096K), 4 survivors (4096K)
 Metaspace       used 65310K, committed 66048K, reserved 491520K
  class space    used 9261K, committed 9600K, reserved 425984K
}
Event: 31.927 GC heap before
{Heap before GC invocations=31 (full 0):
 garbage-first heap   total 243712K, used 179410K [0x0000000080000000, 0x0000000100000000)
  region size 1024K, 107 young (109568K), 4 survivors (4096K)
 Metaspace       used 70756K, committed 71616K, reserved 491520K
  class space    used 10079K, committed 10496K, reserved 425984K
}
Event: 31.941 GC heap after
{Heap after GC invocations=32 (full 0):
 garbage-first heap   total 243712K, used 83047K [0x0000000080000000, 0x0000000100000000)
  region size 1024K, 14 young (14336K), 14 survivors (14336K)
 Metaspace       used 70756K, committed 71616K, reserved 491520K
  class space    used 10079K, committed 10496K, reserved 425984K
}
Event: 31.955 GC heap before
{Heap before GC invocations=32 (full 0):
 garbage-first heap   total 243712K, used 84071K [0x0000000080000000, 0x0000000100000000)
  region size 1024K, 15 young (15360K), 14 survivors (14336K)
 Metaspace       used 70843K, committed 71744K, reserved 491520K
  class space    used 10095K, committed 10560K, reserved 425984K
}
Event: 31.965 GC heap after
{Heap after GC invocations=33 (full 0):
 garbage-first heap   total 243712K, used 83709K [0x0000000080000000, 0x0000000100000000)
  region size 1024K, 2 young (2048K), 2 survivors (2048K)
 Metaspace       used 70843K, committed 71744K, reserved 491520K
  class space    used 10095K, committed 10560K, reserved 425984K
}
Event: 33.122 GC heap before
{Heap before GC invocations=33 (full 0):
 garbage-first heap   total 243712K, used 182013K [0x0000000080000000, 0x0000000100000000)
  region size 1024K, 98 young (100352K), 2 survivors (2048K)
 Metaspace       used 71476K, committed 72448K, reserved 491520K
  class space    used 10105K, committed 10560K, reserved 425984K
}
Event: 33.129 GC heap after
{Heap after GC invocations=34 (full 0):
 garbage-first heap   total 243712K, used 88829K [0x0000000080000000, 0x0000000100000000)
  region size 1024K, 7 young (7168K), 7 survivors (7168K)
 Metaspace       used 71476K, committed 72448K, reserved 491520K
  class space    used 10105K, committed 10560K, reserved 425984K
}

