# JRE version: OpenJDK Runtime Environment Microsoft-8035246 (17.0.8+7) (build 17.0.8+7-LTS)
# Java VM: OpenJDK 64-Bit Server VM Microsoft-8035246 (17.0.8+7-LTS, mixed mode, sharing, tiered, compressed oops, compressed class ptrs, g1 gc, windows-amd64)
GC Precious Log:
 CPUs: 4 total, 4 available
 Memory: 16336M
 Large Page Support: Disabled
 NUMA Support: Disabled
 Compressed Oops: Enabled (32-bit)
 Heap Region Size: 1M
 Heap Min Capacity: 8M
 Heap Initial Capacity: 256M
 Heap Max Capacity: 2G
 Pre-touch: Disabled
 Parallel Workers: 4
 Concurrent Workers: 1
 Concurrent Refinement Workers: 4
 Periodic GC: Disabled
Heap:
 garbage-first heap   total 207872K, used 140387K [0x0000000080000000, 0x0000000100000000)
  region size 1024K, 53 young (54272K), 1 survivors (1024K)
 Metaspace       used 77901K, committed 78784K, reserved 557056K
  class space    used 10876K, committed 11264K, reserved 425984K
GC Heap History (20 events):
Event: 7.917 GC heap before
{Heap before GC invocations=13 (full 0):
 garbage-first heap   total 178176K, used 137978K [0x0000000080000000, 0x0000000100000000)
  region size 1024K, 101 young (103424K), 2 survivors (2048K)
 Metaspace       used 55531K, committed 56128K, reserved 491520K
  class space    used 7677K, committed 7936K, reserved 425984K
}
Event: 7.924 GC heap after
{Heap after GC invocations=14 (full 0):
 garbage-first heap   total 178176K, used 42294K [0x0000000080000000, 0x0000000100000000)
  region size 1024K, 9 young (9216K), 9 survivors (9216K)
 Metaspace       used 55531K, committed 56128K, reserved 491520K
  class space    used 7677K, committed 7936K, reserved 425984K
}
Event: 9.629 GC heap before
{Heap before GC invocations=14 (full 0):
 garbage-first heap   total 178176K, used 112950K [0x0000000080000000, 0x0000000100000000)
  region size 1024K, 79 young (80896K), 9 survivors (9216K)
 Metaspace       used 59764K, committed 60288K, reserved 491520K
  class space    used 8312K, committed 8576K, reserved 425984K
}
Event: 9.642 GC heap after
{Heap after GC invocations=15 (full 0):
 garbage-first heap   total 178176K, used 48059K [0x0000000080000000, 0x0000000100000000)
  region size 1024K, 7 young (7168K), 7 survivors (7168K)
 Metaspace       used 59764K, committed 60288K, reserved 491520K
  class space    used 8312K, committed 8576K, reserved 425984K
}
Event: 11.024 GC heap before
{Heap before GC invocations=16 (full 0):
 garbage-first heap   total 167936K, used 148411K [0x0000000080000000, 0x0000000100000000)
  region size 1024K, 94 young (96256K), 7 survivors (7168K)
 Metaspace       used 67101K, committed 67776K, reserved 491520K
  class space    used 9398K, committed 9728K, reserved 425984K
}
Event: 11.033 GC heap after
{Heap after GC invocations=17 (full 0):
 garbage-first heap   total 167936K, used 67048K [0x0000000080000000, 0x0000000100000000)
  region size 1024K, 7 young (7168K), 7 survivors (7168K)
 Metaspace       used 67101K, committed 67776K, reserved 491520K
  class space    used 9398K, committed 9728K, reserved 425984K
}
Event: 11.861 GC heap before
{Heap before GC invocations=17 (full 0):
 garbage-first heap   total 167936K, used 132584K [0x0000000080000000, 0x0000000100000000)
  region size 1024K, 71 young (72704K), 7 survivors (7168K)
 Metaspace       used 70097K, committed 70848K, reserved 491520K
  class space    used 9802K, committed 10176K, reserved 425984K
}
Event: 11.875 GC heap after
{Heap after GC invocations=18 (full 0):
 garbage-first heap   total 167936K, used 71823K [0x0000000080000000, 0x0000000100000000)
  region size 1024K, 5 young (5120K), 5 survivors (5120K)
 Metaspace       used 70097K, committed 70848K, reserved 491520K
  class space    used 9802K, committed 10176K, reserved 425984K
}
Event: 12.866 GC heap before
{Heap before GC invocations=18 (full 0):
 garbage-first heap   total 167936K, used 134287K [0x0000000080000000, 0x0000000100000000)
  region size 1024K, 66 young (67584K), 5 survivors (5120K)
 Metaspace       used 73564K, committed 74304K, reserved 491520K
  class space    used 10274K, committed 10624K, reserved 425984K
}
Event: 12.880 GC heap after
{Heap after GC invocations=19 (full 0):
 garbage-first heap   total 167936K, used 76482K [0x0000000080000000, 0x0000000100000000)
  region size 1024K, 7 young (7168K), 7 survivors (7168K)
 Metaspace       used 73564K, committed 74304K, reserved 491520K
  class space    used 10274K, committed 10624K, reserved 425984K
}
Event: 13.952 GC heap before
{Heap before GC invocations=19 (full 0):
 garbage-first heap   total 167936K, used 132802K [0x0000000080000000, 0x0000000100000000)
  region size 1024K, 62 young (63488K), 7 survivors (7168K)
 Metaspace       used 76529K, committed 77312K, reserved 557056K
  class space    used 10764K, committed 11136K, reserved 425984K
}
Event: 13.963 GC heap after
{Heap after GC invocations=20 (full 0):
 garbage-first heap   total 167936K, used 82192K [0x0000000080000000, 0x0000000100000000)
  region size 1024K, 8 young (8192K), 8 survivors (8192K)
 Metaspace       used 76529K, committed 77312K, reserved 557056K
  class space    used 10764K, committed 11136K, reserved 425984K
}
Event: 14.930 GC heap before
{Heap before GC invocations=20 (full 0):
 garbage-first heap   total 167936K, used 132368K [0x0000000080000000, 0x0000000100000000)
  region size 1024K, 57 young (58368K), 8 survivors (8192K)
 Metaspace       used 77792K, committed 78592K, reserved 557056K
  class space    used 10872K, committed 11264K, reserved 425984K
}
Event: 14.945 GC heap after
{Heap after GC invocations=21 (full 0):
 garbage-first heap   total 167936K, used 87556K [0x0000000080000000, 0x0000000100000000)
  region size 1024K, 8 young (8192K), 8 survivors (8192K)
 Metaspace       used 77792K, committed 78592K, reserved 557056K
  class space    used 10872K, committed 11264K, reserved 425984K
}
Event: 15.333 GC heap before
{Heap before GC invocations=21 (full 0):
 garbage-first heap   total 167936K, used 130564K [0x0000000080000000, 0x0000000100000000)
  region size 1024K, 51 young (52224K), 8 survivors (8192K)
 Metaspace       used 77872K, committed 78720K, reserved 557056K
  class space    used 10873K, committed 11264K, reserved 425984K
}
Event: 15.344 GC heap after
{Heap after GC invocations=22 (full 0):
 garbage-first heap   total 167936K, used 88705K [0x0000000080000000, 0x0000000100000000)
  region size 1024K, 4 young (4096K), 4 survivors (4096K)
 Metaspace       used 77872K, committed 78720K, reserved 557056K
  class space    used 10873K, committed 11264K, reserved 425984K
}
Event: 15.685 GC heap before
{Heap before GC invocations=23 (full 0):
 garbage-first heap   total 173056K, used 132737K [0x0000000080000000, 0x0000000100000000)
  region size 1024K, 48 young (49152K), 4 survivors (4096K)
 Metaspace       used 77898K, committed 78784K, reserved 557056K
  class space    used 10876K, committed 11264K, reserved 425984K
}
Event: 15.690 GC heap after
{Heap after GC invocations=24 (full 0):
 garbage-first heap   total 173056K, used 90229K [0x0000000080000000, 0x0000000100000000)
  region size 1024K, 4 young (4096K), 4 survivors (4096K)
 Metaspace       used 77898K, committed 78784K, reserved 557056K
  class space    used 10876K, committed 11264K, reserved 425984K
}
Event: 15.720 GC heap before
{Heap before GC invocations=24 (full 0):
 garbage-first heap   total 173056K, used 93301K [0x0000000080000000, 0x0000000100000000)
  region size 1024K, 8 young (8192K), 4 survivors (4096K)
 Metaspace       used 77898K, committed 78784K, reserved 557056K
  class space    used 10876K, committed 11264K, reserved 425984K
}
Event: 15.725 GC heap after
{Heap after GC invocations=25 (full 0):
 garbage-first heap   total 207872K, used 89187K [0x0000000080000000, 0x0000000100000000)
  region size 1024K, 1 young (1024K), 1 survivors (1024K)
 Metaspace       used 77898K, committed 78784K, reserved 557056K
  class space    used 10876K, committed 11264K, reserved 425984K
}

